Executing action: all (aliases: build)
Running ninja in directory /home/ubuntu/xiaozhi-esp32/build
Executing "ninja all"...
[1/9] Performing build step for 'bootloader'
[1/1] cd /home/ubuntu/xiaozhi-esp32/build/bootloader/esp-idf/esptool_py && /home/ubuntu/.espressif/python_env/idf5.5_py3.12_env/bin/python /home/ubuntu/esp-idf/components/partition_table/check_sizes.py --offset 0x8000 bootloader 0x0 /home/ubuntu/xiaozhi-esp32/build/bootloader/bootloader.bin
Bootloader binary size 0x4050 bytes. 0x3fb0 bytes (50%) free.
[2/9] No install step for 'bootloader'
[3/9] Completed 'bootloader'
[4/9] Building CXX object esp-idf/main/CMakeFiles/__idf_main.dir/boards/m5stack-core-s3/m5stack_core_s3.cc.obj
In file included from /home/ubuntu/xiaozhi-esp32/managed_components/espressif__esp_video/include/linux/videodev2.h:62,
                 from /home/ubuntu/xiaozhi-esp32/main/display/lvgl_display/jpg/image_to_jpeg.h:12,
                 from /home/ubuntu/xiaozhi-esp32/main/boards/common/esp_video.h:13,
                 from /home/ubuntu/xiaozhi-esp32/main/boards/m5stack-core-s3/m5stack_core_s3.cc:23:
/home/ubuntu/xiaozhi-esp32/managed_components/espressif__esp_video/include/linux/ioctl.h:54:9: warning: "_IO" redefined
   54 | #define _IO(type,nr)        _IOC(_IOC_NONE,(type),(nr),0)
      |         ^~~
In file included from /home/ubuntu/esp-idf/components/lwip/include/lwip/sockets.h:8,
                 from /home/ubuntu/esp-idf/components/lwip/port/esp32xx/include/sys/socket.h:15,
                 from /home/ubuntu/xiaozhi-esp32/main/audio/processors/audio_debugger.h:7,
                 from /home/ubuntu/xiaozhi-esp32/main/audio/audio_service.h:23,
                 from /home/ubuntu/xiaozhi-esp32/main/application.h:17,
                 from /home/ubuntu/xiaozhi-esp32/main/boards/m5stack-core-s3/m5stack_core_s3.cc:4:
/home/ubuntu/esp-idf/components/lwip/lwip/src/include/lwip/sockets.h:419:9: note: this is the location of the previous definition
  419 | #define _IO(x,y)        ((long)(IOC_VOID|((x)<<8)|(y)))
      |         ^~~
/home/ubuntu/xiaozhi-esp32/managed_components/espressif__esp_video/include/linux/ioctl.h:55:9: warning: "_IOR" redefined
   55 | #define _IOR(type,nr,size)  _IOC(_IOC_READ,(type),(nr),(_IOC_TYPECHECK(size)))
      |         ^~~~
/home/ubuntu/esp-idf/components/lwip/lwip/src/include/lwip/sockets.h:421:9: note: this is the location of the previous definition
  421 | #define _IOR(x,y,t)     ((long)(IOC_OUT|((sizeof(t)&IOCPARM_MASK)<<16)|((x)<<8)|(y)))
      |         ^~~~
/home/ubuntu/xiaozhi-esp32/managed_components/espressif__esp_video/include/linux/ioctl.h:56:9: warning: "_IOW" redefined
   56 | #define _IOW(type,nr,size)  _IOC(_IOC_WRITE,(type),(nr),(_IOC_TYPECHECK(size)))
      |         ^~~~
/home/ubuntu/esp-idf/components/lwip/lwip/src/include/lwip/sockets.h:423:9: note: this is the location of the previous definition
  423 | #define _IOW(x,y,t)     ((long)(IOC_IN|((sizeof(t)&IOCPARM_MASK)<<16)|((x)<<8)|(y)))
      |         ^~~~
[5/9] Linking C static library esp-idf/main/libmain.a
[6/9] Generating esp-idf/esp_system/ld/sections.ld
[7/9] Linking CXX executable xiaozhi.elf
[8/9] Generating binary image from built executable
esptool.py v4.12.dev2
Creating esp32s3 image...
Merged 2 ELF sections
Successfully created esp32s3 image.
Generated /home/ubuntu/xiaozhi-esp32/build/xiaozhi.bin
[9/9] cd /home/ubuntu/xiaozhi-esp32/build/esp-idf/esptool_py && /home/ubuntu/.espressif/python_env/idf5.5_py3.12_env/bin/python /home/ubuntu/esp-idf/components/partition_table/check_sizes.py --offset 0x8000 partition --type app /home/ubuntu/xiaozhi-esp32/build/partition_table/partition-table.bin /home/ubuntu/xiaozhi-esp32/build/xiaozhi.bin
xiaozhi.bin binary size 0x2cb930 bytes. Smallest app partition is 0x300000 bytes. 0x346d0 bytes (7%) free.

Project build complete. To flash, run:
 idf.py flash
or
 idf.py -p PORT flash
or
 python -m esptool --chip esp32s3 -b 460800 --before default_reset --after hard_reset write_flash --flash_mode dio --flash_size 16MB --flash_freq 80m 0x0 build/bootloader/bootloader.bin 0x8000 build/partition_table/partition-table.bin 0xd000 build/ota_data_initial.bin 0x10000 build/srmodels/srmodels.bin 0x410000 build/xiaozhi.bin 0xa10000 build/generated_assets.bin
or from the "/home/ubuntu/xiaozhi-esp32/build" directory
 python -m esptool --chip esp32s3 -b 460800 --before default_reset --after hard_reset write_flash "@flash_args"
